\BOOKMARK [0][-]{chapter.1}{Introduction\040and\040Motivation}{}% 1
\BOOKMARK [0][-]{chapter.2}{Related\040Literature}{}% 2
\BOOKMARK [0][-]{chapter.3}{Factor\040Strength}{}% 3
\BOOKMARK [1][-]{section.3.1}{Definition}{chapter.3}% 4
\BOOKMARK [1][-]{section.3.2}{Estimation\040Under\040Single-factor\040Setting}{chapter.3}% 5
\BOOKMARK [1][-]{section.3.3}{Estimation\040Under\040Multi-Factor\040Setting}{chapter.3}% 6
\BOOKMARK [0][-]{chapter.4}{Monte\040Carlo\040Simulation}{}% 7
\BOOKMARK [1][-]{section.4.1}{Simulation\040Design}{chapter.4}% 8
\BOOKMARK [1][-]{section.4.2}{Experiment\040Setting}{chapter.4}% 9
\BOOKMARK [1][-]{section.4.3}{Monte\040Carlo\040Findings}{chapter.4}% 10
\BOOKMARK [0][-]{chapter.5}{Empirical\040Application:\040Factor\040Strength}{}% 11
\BOOKMARK [1][-]{section.5.1}{Description\040of\040Data\040for\040Factor\040Strength\040Estimation}{chapter.5}% 12
\BOOKMARK [1][-]{section.5.2}{Setting\040for\040Factor\040Strength\040Estimation}{chapter.5}% 13
\BOOKMARK [1][-]{section.5.3}{Factor\040Strength\040Estimation\040and\040Discussion}{chapter.5}% 14
\BOOKMARK [0][-]{chapter.6}{Empirical\040Application:\040Elastic\040Net}{}% 15
\BOOKMARK [1][-]{section.6.1}{Brief\040Introduction\040to\040Elastic\040Net}{chapter.6}% 16
\BOOKMARK [1][-]{section.6.2}{Properties\040of\040Risk\040Factors}{chapter.6}% 17
\BOOKMARK [1][-]{section.6.3}{Tuning\040Parameter}{chapter.6}% 18
\BOOKMARK [1][-]{section.6.4}{Elastic\040Net\040Findings}{chapter.6}% 19
\BOOKMARK [0][-]{chapter.7}{Conclusion\040and\040Possible\040Extension}{}% 20
\BOOKMARK [1][-]{section.7.1}{Conclusion}{chapter.7}% 21
\BOOKMARK [1][-]{section.7.2}{Possible\040Extension}{chapter.7}% 22
\BOOKMARK [0][-]{chapter*.20}{References}{}% 23
\BOOKMARK [0][-]{appendix.A}{Simulation\040Results}{}% 24
\BOOKMARK [0][-]{appendix.B}{Empirical\040Application\040Results}{}% 25
\BOOKMARK [1][-]{section.B.1}{Empirical\040Factor\040Strength\040Estimates\040Tables}{appendix.B}% 26
\BOOKMARK [1][-]{section.B.2}{Strength\040Comparisons\040Figures}{appendix.B}% 27
\BOOKMARK [1][-]{section.B.3}{Factor\040Correlation}{appendix.B}% 28
