This is XeTeX, Version 3.14159265-2.6-0.999992 (TeX Live 2020) (preloaded format=xelatex 2020.5.27)  25 OCT 2020 23:32
entering extended mode
 restricted \write18 enabled.
 %&-line parsing enabled.
**thesis.tex
(./thesis.tex
LaTeX2e <2020-02-02> patch level 5
L3 programming layer <2020-05-15>
(/usr/local/texlive/2020/texmf-dist/tex/latex/base/report.cls
Document Class: report 2019/12/20 v1.4l Standard LaTeX document class
(/usr/local/texlive/2020/texmf-dist/tex/latex/base/size12.clo
File: size12.clo 2019/12/20 v1.4l Standard LaTeX file (size option)
)
\c@part=\count163
\c@chapter=\count164
\c@section=\count165
\c@subsection=\count166
\c@subsubsection=\count167
\c@paragraph=\count168
\c@subparagraph=\count169
\c@figure=\count170
\c@table=\count171
\abovecaptionskip=\skip47
\belowcaptionskip=\skip48
\bibindent=\dimen134
)
(/usr/local/texlive/2020/texmf-dist/tex/latex/amsmath/amsmath.sty
Package: amsmath 2020/01/20 v2.17e AMS math features
\@mathmargin=\skip49

For additional information on amsmath, use the `?' option.
(/usr/local/texlive/2020/texmf-dist/tex/latex/amsmath/amstext.sty
Package: amstext 2000/06/29 v2.01 AMS text

(/usr/local/texlive/2020/texmf-dist/tex/latex/amsmath/amsgen.sty
File: amsgen.sty 1999/11/30 v2.0 generic functions
\@emptytoks=\toks15
\ex@=\dimen135
))
(/usr/local/texlive/2020/texmf-dist/tex/latex/amsmath/amsbsy.sty
Package: amsbsy 1999/11/29 v1.2d Bold Symbols
\pmbraise@=\dimen136
)
(/usr/local/texlive/2020/texmf-dist/tex/latex/amsmath/amsopn.sty
Package: amsopn 2016/03/08 v2.02 operator names
)
\inf@bad=\count172
LaTeX Info: Redefining \frac on input line 227.
\uproot@=\count173
\leftroot@=\count174
LaTeX Info: Redefining \overline on input line 389.
\classnum@=\count175
\DOTSCASE@=\count176
LaTeX Info: Redefining \ldots on input line 486.
LaTeX Info: Redefining \dots on input line 489.
LaTeX Info: Redefining \cdots on input line 610.
\Mathstrutbox@=\box45
\strutbox@=\box46
\big@size=\dimen137
LaTeX Font Info:    Redeclaring font encoding OML on input line 733.
LaTeX Font Info:    Redeclaring font encoding OMS on input line 734.
\macc@depth=\count177
\c@MaxMatrixCols=\count178
\dotsspace@=\muskip16
\c@parentequation=\count179
\dspbrk@lvl=\count180
\tag@help=\toks16
\row@=\count181
\column@=\count182
\maxfields@=\count183
\andhelp@=\toks17
\eqnshift@=\dimen138
\alignsep@=\dimen139
\tagshift@=\dimen140
\tagwidth@=\dimen141
\totwidth@=\dimen142
\lineht@=\dimen143
\@envbody=\toks18
\multlinegap=\skip50
\multlinetaggap=\skip51
\mathdisplay@stack=\toks19
LaTeX Info: Redefining \[ on input line 2859.
LaTeX Info: Redefining \] on input line 2860.
)
(/usr/local/texlive/2020/texmf-dist/tex/latex/psnfss/mathptmx.sty
Package: mathptmx 2020/03/25 PSNFSS-v9.3 Times w/ Math, improved (SPQR, WaS) 
LaTeX Font Info:    Redeclaring symbol font `operators' on input line 28.
LaTeX Font Info:    Overwriting symbol font `operators' in version `normal'
(Font)                  OT1/cmr/m/n --> OT1/ztmcm/m/n on input line 28.
LaTeX Font Info:    Overwriting symbol font `operators' in version `bold'
(Font)                  OT1/cmr/bx/n --> OT1/ztmcm/m/n on input line 28.
LaTeX Font Info:    Redeclaring symbol font `letters' on input line 29.
LaTeX Font Info:    Overwriting symbol font `letters' in version `normal'
(Font)                  OML/cmm/m/it --> OML/ztmcm/m/it on input line 29.
LaTeX Font Info:    Overwriting symbol font `letters' in version `bold'
(Font)                  OML/cmm/b/it --> OML/ztmcm/m/it on input line 29.
LaTeX Font Info:    Redeclaring symbol font `symbols' on input line 30.
LaTeX Font Info:    Overwriting symbol font `symbols' in version `normal'
(Font)                  OMS/cmsy/m/n --> OMS/ztmcm/m/n on input line 30.
LaTeX Font Info:    Overwriting symbol font `symbols' in version `bold'
(Font)                  OMS/cmsy/b/n --> OMS/ztmcm/m/n on input line 30.
LaTeX Font Info:    Redeclaring symbol font `largesymbols' on input line 31.
LaTeX Font Info:    Overwriting symbol font `largesymbols' in version `normal'
(Font)                  OMX/cmex/m/n --> OMX/ztmcm/m/n on input line 31.
LaTeX Font Info:    Overwriting symbol font `largesymbols' in version `bold'
(Font)                  OMX/cmex/m/n --> OMX/ztmcm/m/n on input line 31.
\symbold=\mathgroup4
\symitalic=\mathgroup5
LaTeX Font Info:    Redeclaring math alphabet \mathbf on input line 34.
LaTeX Font Info:    Overwriting math alphabet `\mathbf' in version `normal'
(Font)                  OT1/cmr/bx/n --> OT1/ptm/bx/n on input line 34.
LaTeX Font Info:    Overwriting math alphabet `\mathbf' in version `bold'
(Font)                  OT1/cmr/bx/n --> OT1/ptm/bx/n on input line 34.
LaTeX Font Info:    Redeclaring math alphabet \mathit on input line 35.
LaTeX Font Info:    Overwriting math alphabet `\mathit' in version `normal'
(Font)                  OT1/cmr/m/it --> OT1/ptm/m/it on input line 35.
LaTeX Font Info:    Overwriting math alphabet `\mathit' in version `bold'
(Font)                  OT1/cmr/bx/it --> OT1/ptm/m/it on input line 35.
LaTeX Info: Redefining \hbar on input line 50.
)
(/usr/local/texlive/2020/texmf-dist/tex/latex/setspace/setspace.sty
Package: setspace 2011/12/19 v6.7a set line spacing
)
(/usr/local/texlive/2020/texmf-dist/tex/latex/amsfonts/amssymb.sty
Package: amssymb 2013/01/14 v3.01 AMS font symbols

(/usr/local/texlive/2020/texmf-dist/tex/latex/amsfonts/amsfonts.sty
Package: amsfonts 2013/01/14 v3.01 Basic AMSFonts support
\symAMSa=\mathgroup6
\symAMSb=\mathgroup7
LaTeX Font Info:    Overwriting math alphabet `\mathfrak' in version `bold'
(Font)                  U/euf/m/n --> U/euf/b/n on input line 106.
))
(/usr/local/texlive/2020/texmf-dist/tex/latex/float/float.sty
Package: float 2001/11/08 v1.3d Float enhancements (AL)
\c@float@type=\count184
\float@exts=\toks20
\float@box=\box47
\@float@everytoks=\toks21
\@floatcapt=\box48
)
(/usr/local/texlive/2020/texmf-dist/tex/latex/graphics/graphicx.sty
Package: graphicx 2019/11/30 v1.2a Enhanced LaTeX Graphics (DPC,SPQR)

(/usr/local/texlive/2020/texmf-dist/tex/latex/graphics/keyval.sty
Package: keyval 2014/10/28 v1.15 key=value parser (DPC)
\KV@toks@=\toks22
)
(/usr/local/texlive/2020/texmf-dist/tex/latex/graphics/graphics.sty
Package: graphics 2019/11/30 v1.4a Standard LaTeX Graphics (DPC,SPQR)

(/usr/local/texlive/2020/texmf-dist/tex/latex/graphics/trig.sty
Package: trig 2016/01/03 v1.10 sin cos tan (DPC)
)
(/usr/local/texlive/2020/texmf-dist/tex/latex/graphics-cfg/graphics.cfg
File: graphics.cfg 2016/06/04 v1.11 sample graphics configuration
)
Package graphics Info: Driver file: xetex.def on input line 105.

(/usr/local/texlive/2020/texmf-dist/tex/latex/graphics-def/xetex.def
File: xetex.def 2017/06/24 v5.0h Graphics/color driver for xetex
))
\Gin@req@height=\dimen144
\Gin@req@width=\dimen145
)
(/usr/local/texlive/2020/texmf-dist/tex/latex/booktabs/booktabs.sty
Package: booktabs 2020/01/12 v1.61803398 Publication quality tables
\heavyrulewidth=\dimen146
\lightrulewidth=\dimen147
\cmidrulewidth=\dimen148
\belowrulesep=\dimen149
\belowbottomsep=\dimen150
\aboverulesep=\dimen151
\abovetopsep=\dimen152
\cmidrulesep=\dimen153
\cmidrulekern=\dimen154
\defaultaddspace=\dimen155
\@cmidla=\count185
\@cmidlb=\count186
\@aboverulesep=\dimen156
\@belowrulesep=\dimen157
\@thisruleclass=\count187
\@lastruleclass=\count188
\@thisrulewidth=\dimen158
)
(/usr/local/texlive/2020/texmf-dist/tex/latex/subfigure/subfigure.sty
Package: subfigure 2002/03/15 v2.1.5 subfigure package
\subfigtopskip=\skip52
\subfigcapskip=\skip53
\subfigcaptopadj=\dimen159
\subfigbottomskip=\skip54
\subfigcapmargin=\dimen160
\subfiglabelskip=\skip55
\c@subfigure=\count189
\c@lofdepth=\count190
\c@subtable=\count191
\c@lotdepth=\count192

****************************************
* Local config file subfigure.cfg used *
****************************************
(/usr/local/texlive/2020/texmf-dist/tex/latex/subfigure/subfigure.cfg)
\subfig@top=\skip56
\subfig@bottom=\skip57
)
(/usr/local/texlive/2020/texmf-dist/tex/latex/geometry/geometry.sty
Package: geometry 2020/01/02 v5.9 Page Geometry

(/usr/local/texlive/2020/texmf-dist/tex/generic/iftex/ifvtex.sty
Package: ifvtex 2019/10/25 v1.7 ifvtex legacy package. Use iftex instead.

(/usr/local/texlive/2020/texmf-dist/tex/generic/iftex/iftex.sty
Package: iftex 2020/03/06 v1.0d TeX engine tests
))
\Gm@cnth=\count193
\Gm@cntv=\count194
\c@Gm@tempcnt=\count195
\Gm@bindingoffset=\dimen161
\Gm@wd@mp=\dimen162
\Gm@odd@mp=\dimen163
\Gm@even@mp=\dimen164
\Gm@layoutwidth=\dimen165
\Gm@layoutheight=\dimen166
\Gm@layouthoffset=\dimen167
\Gm@layoutvoffset=\dimen168
\Gm@dimlist=\toks23
)
(/usr/local/texlive/2020/texmf-dist/tex/latex/appendix/appendix.sty
Package: appendix 2020/02/08 v1.2c extra appendix facilities
\c@@pps=\count196
\c@@ppsavesec=\count197
\c@@ppsaveapp=\count198
)
(/usr/local/texlive/2020/texmf-dist/tex/latex/tools/bm.sty
Package: bm 2019/07/24 v1.2d Bold Symbol Support (DPC/FMi)
LaTeX Info: Redefining \bm on input line 209.
)
(/usr/local/texlive/2020/texmf-dist/tex/latex/tcolorbox/tcolorbox.sty
Package: tcolorbox 2020/04/28 version 4.30 text color boxes

(/usr/local/texlive/2020/texmf-dist/tex/latex/pgf/basiclayer/pgf.sty
(/usr/local/texlive/2020/texmf-dist/tex/latex/pgf/utilities/pgfrcs.sty
(/usr/local/texlive/2020/texmf-dist/tex/generic/pgf/utilities/pgfutil-common.te
x
\pgfutil@everybye=\toks24
\pgfutil@tempdima=\dimen169
\pgfutil@tempdimb=\dimen170

(/usr/local/texlive/2020/texmf-dist/tex/generic/pgf/utilities/pgfutil-common-li
sts.tex))
(/usr/local/texlive/2020/texmf-dist/tex/generic/pgf/utilities/pgfutil-latex.def
\pgfutil@abb=\box49
(/usr/local/texlive/2020/texmf-dist/tex/latex/ms/everyshi.sty
Package: everyshi 2001/05/15 v3.00 EveryShipout Package (MS)
))
(/usr/local/texlive/2020/texmf-dist/tex/generic/pgf/utilities/pgfrcs.code.tex
(/usr/local/texlive/2020/texmf-dist/tex/generic/pgf/pgf.revision.tex)
Package: pgfrcs 2020/01/08 v3.1.5b (3.1.5b)
))
Package: pgf 2020/01/08 v3.1.5b (3.1.5b)

(/usr/local/texlive/2020/texmf-dist/tex/latex/pgf/basiclayer/pgfcore.sty
(/usr/local/texlive/2020/texmf-dist/tex/latex/pgf/systemlayer/pgfsys.sty
(/usr/local/texlive/2020/texmf-dist/tex/generic/pgf/systemlayer/pgfsys.code.tex
Package: pgfsys 2020/01/08 v3.1.5b (3.1.5b)
(/usr/local/texlive/2020/texmf-dist/tex/generic/pgf/utilities/pgfkeys.code.tex
\pgfkeys@pathtoks=\toks25
\pgfkeys@temptoks=\toks26

(/usr/local/texlive/2020/texmf-dist/tex/generic/pgf/utilities/pgfkeysfiltered.c
ode.tex
\pgfkeys@tmptoks=\toks27
))
\pgf@x=\dimen171
\pgf@y=\dimen172
\pgf@xa=\dimen173
\pgf@ya=\dimen174
\pgf@xb=\dimen175
\pgf@yb=\dimen176
\pgf@xc=\dimen177
\pgf@yc=\dimen178
\pgf@xd=\dimen179
\pgf@yd=\dimen180
\w@pgf@writea=\write3
\r@pgf@reada=\read2
\c@pgf@counta=\count199
\c@pgf@countb=\count266
\c@pgf@countc=\count267
\c@pgf@countd=\count268
\t@pgf@toka=\toks28
\t@pgf@tokb=\toks29
\t@pgf@tokc=\toks30
\pgf@sys@id@count=\count269

(/usr/local/texlive/2020/texmf-dist/tex/generic/pgf/systemlayer/pgf.cfg
File: pgf.cfg 2020/01/08 v3.1.5b (3.1.5b)
)
Driver file for pgf: pgfsys-xetex.def

(/usr/local/texlive/2020/texmf-dist/tex/generic/pgf/systemlayer/pgfsys-xetex.de
f
File: pgfsys-xetex.def 2020/01/08 v3.1.5b (3.1.5b)

(/usr/local/texlive/2020/texmf-dist/tex/generic/pgf/systemlayer/pgfsys-dvipdfmx
.def
File: pgfsys-dvipdfmx.def 2020/01/08 v3.1.5b (3.1.5b)

(/usr/local/texlive/2020/texmf-dist/tex/generic/pgf/systemlayer/pgfsys-common-p
df.def
File: pgfsys-common-pdf.def 2020/01/08 v3.1.5b (3.1.5b)
)
\pgfsys@objnum=\count270
)))
(/usr/local/texlive/2020/texmf-dist/tex/generic/pgf/systemlayer/pgfsyssoftpath.
code.tex
File: pgfsyssoftpath.code.tex 2020/01/08 v3.1.5b (3.1.5b)
\pgfsyssoftpath@smallbuffer@items=\count271
\pgfsyssoftpath@bigbuffer@items=\count272
)
(/usr/local/texlive/2020/texmf-dist/tex/generic/pgf/systemlayer/pgfsysprotocol.
code.tex
File: pgfsysprotocol.code.tex 2020/01/08 v3.1.5b (3.1.5b)
)) (/usr/local/texlive/2020/texmf-dist/tex/latex/xcolor/xcolor.sty
Package: xcolor 2016/05/11 v2.12 LaTeX color extensions (UK)

(/usr/local/texlive/2020/texmf-dist/tex/latex/graphics-cfg/color.cfg
File: color.cfg 2016/01/02 v1.6 sample color configuration
)
Package xcolor Info: Driver file: xetex.def on input line 225.
Package xcolor Info: Model `cmy' substituted by `cmy0' on input line 1348.
Package xcolor Info: Model `RGB' extended on input line 1364.
Package xcolor Info: Model `HTML' substituted by `rgb' on input line 1366.
Package xcolor Info: Model `Hsb' substituted by `hsb' on input line 1367.
Package xcolor Info: Model `tHsb' substituted by `hsb' on input line 1368.
Package xcolor Info: Model `HSB' substituted by `hsb' on input line 1369.
Package xcolor Info: Model `Gray' substituted by `gray' on input line 1370.
Package xcolor Info: Model `wave' substituted by `hsb' on input line 1371.
)
(/usr/local/texlive/2020/texmf-dist/tex/generic/pgf/basiclayer/pgfcore.code.tex
Package: pgfcore 2020/01/08 v3.1.5b (3.1.5b)
(/usr/local/texlive/2020/texmf-dist/tex/generic/pgf/math/pgfmath.code.tex
(/usr/local/texlive/2020/texmf-dist/tex/generic/pgf/math/pgfmathcalc.code.tex
(/usr/local/texlive/2020/texmf-dist/tex/generic/pgf/math/pgfmathutil.code.tex)
(/usr/local/texlive/2020/texmf-dist/tex/generic/pgf/math/pgfmathparser.code.tex
\pgfmath@dimen=\dimen181
\pgfmath@count=\count273
\pgfmath@box=\box50
\pgfmath@toks=\toks31
\pgfmath@stack@operand=\toks32
\pgfmath@stack@operation=\toks33
)
(/usr/local/texlive/2020/texmf-dist/tex/generic/pgf/math/pgfmathfunctions.code.
tex
(/usr/local/texlive/2020/texmf-dist/tex/generic/pgf/math/pgfmathfunctions.basic
.code.tex)
(/usr/local/texlive/2020/texmf-dist/tex/generic/pgf/math/pgfmathfunctions.trigo
nometric.code.tex)
(/usr/local/texlive/2020/texmf-dist/tex/generic/pgf/math/pgfmathfunctions.rando
m.code.tex)
(/usr/local/texlive/2020/texmf-dist/tex/generic/pgf/math/pgfmathfunctions.compa
rison.code.tex)
(/usr/local/texlive/2020/texmf-dist/tex/generic/pgf/math/pgfmathfunctions.base.
code.tex)
(/usr/local/texlive/2020/texmf-dist/tex/generic/pgf/math/pgfmathfunctions.round
.code.tex)
(/usr/local/texlive/2020/texmf-dist/tex/generic/pgf/math/pgfmathfunctions.misc.
code.tex)
(/usr/local/texlive/2020/texmf-dist/tex/generic/pgf/math/pgfmathfunctions.integ
erarithmetics.code.tex)))
(/usr/local/texlive/2020/texmf-dist/tex/generic/pgf/math/pgfmathfloat.code.tex
\c@pgfmathroundto@lastzeros=\count274
)) (/usr/local/texlive/2020/texmf-dist/tex/generic/pgf/math/pgfint.code.tex)
(/usr/local/texlive/2020/texmf-dist/tex/generic/pgf/basiclayer/pgfcorepoints.co
de.tex
File: pgfcorepoints.code.tex 2020/01/08 v3.1.5b (3.1.5b)
\pgf@picminx=\dimen182
\pgf@picmaxx=\dimen183
\pgf@picminy=\dimen184
\pgf@picmaxy=\dimen185
\pgf@pathminx=\dimen186
\pgf@pathmaxx=\dimen187
\pgf@pathminy=\dimen188
\pgf@pathmaxy=\dimen189
\pgf@xx=\dimen190
\pgf@xy=\dimen191
\pgf@yx=\dimen192
\pgf@yy=\dimen193
\pgf@zx=\dimen194
\pgf@zy=\dimen195
)
(/usr/local/texlive/2020/texmf-dist/tex/generic/pgf/basiclayer/pgfcorepathconst
ruct.code.tex
File: pgfcorepathconstruct.code.tex 2020/01/08 v3.1.5b (3.1.5b)
\pgf@path@lastx=\dimen196
\pgf@path@lasty=\dimen197
)
(/usr/local/texlive/2020/texmf-dist/tex/generic/pgf/basiclayer/pgfcorepathusage
.code.tex
File: pgfcorepathusage.code.tex 2020/01/08 v3.1.5b (3.1.5b)
\pgf@shorten@end@additional=\dimen198
\pgf@shorten@start@additional=\dimen199
)
(/usr/local/texlive/2020/texmf-dist/tex/generic/pgf/basiclayer/pgfcorescopes.co
de.tex
File: pgfcorescopes.code.tex 2020/01/08 v3.1.5b (3.1.5b)
\pgfpic=\box51
\pgf@hbox=\box52
\pgf@layerbox@main=\box53
\pgf@picture@serial@count=\count275
)
(/usr/local/texlive/2020/texmf-dist/tex/generic/pgf/basiclayer/pgfcoregraphicst
ate.code.tex
File: pgfcoregraphicstate.code.tex 2020/01/08 v3.1.5b (3.1.5b)
\pgflinewidth=\dimen256
)
(/usr/local/texlive/2020/texmf-dist/tex/generic/pgf/basiclayer/pgfcoretransform
ations.code.tex
File: pgfcoretransformations.code.tex 2020/01/08 v3.1.5b (3.1.5b)
\pgf@pt@x=\dimen257
\pgf@pt@y=\dimen258
\pgf@pt@temp=\dimen259
)
(/usr/local/texlive/2020/texmf-dist/tex/generic/pgf/basiclayer/pgfcorequick.cod
e.tex
File: pgfcorequick.code.tex 2020/01/08 v3.1.5b (3.1.5b)
)
(/usr/local/texlive/2020/texmf-dist/tex/generic/pgf/basiclayer/pgfcoreobjects.c
ode.tex
File: pgfcoreobjects.code.tex 2020/01/08 v3.1.5b (3.1.5b)
)
(/usr/local/texlive/2020/texmf-dist/tex/generic/pgf/basiclayer/pgfcorepathproce
ssing.code.tex
File: pgfcorepathprocessing.code.tex 2020/01/08 v3.1.5b (3.1.5b)
)
(/usr/local/texlive/2020/texmf-dist/tex/generic/pgf/basiclayer/pgfcorearrows.co
de.tex
File: pgfcorearrows.code.tex 2020/01/08 v3.1.5b (3.1.5b)
\pgfarrowsep=\dimen260
)
(/usr/local/texlive/2020/texmf-dist/tex/generic/pgf/basiclayer/pgfcoreshade.cod
e.tex
File: pgfcoreshade.code.tex 2020/01/08 v3.1.5b (3.1.5b)
\pgf@max=\dimen261
\pgf@sys@shading@range@num=\count276
\pgf@shadingcount=\count277
)
(/usr/local/texlive/2020/texmf-dist/tex/generic/pgf/basiclayer/pgfcoreimage.cod
e.tex
File: pgfcoreimage.code.tex 2020/01/08 v3.1.5b (3.1.5b)

(/usr/local/texlive/2020/texmf-dist/tex/generic/pgf/basiclayer/pgfcoreexternal.
code.tex
File: pgfcoreexternal.code.tex 2020/01/08 v3.1.5b (3.1.5b)
\pgfexternal@startupbox=\box54
))
(/usr/local/texlive/2020/texmf-dist/tex/generic/pgf/basiclayer/pgfcorelayers.co
de.tex
File: pgfcorelayers.code.tex 2020/01/08 v3.1.5b (3.1.5b)
)
(/usr/local/texlive/2020/texmf-dist/tex/generic/pgf/basiclayer/pgfcoretranspare
ncy.code.tex
File: pgfcoretransparency.code.tex 2020/01/08 v3.1.5b (3.1.5b)
)
(/usr/local/texlive/2020/texmf-dist/tex/generic/pgf/basiclayer/pgfcorepatterns.
code.tex
File: pgfcorepatterns.code.tex 2020/01/08 v3.1.5b (3.1.5b)
)
(/usr/local/texlive/2020/texmf-dist/tex/generic/pgf/basiclayer/pgfcorerdf.code.
tex
File: pgfcorerdf.code.tex 2020/01/08 v3.1.5b (3.1.5b)
)))
(/usr/local/texlive/2020/texmf-dist/tex/generic/pgf/modules/pgfmoduleshapes.cod
e.tex
File: pgfmoduleshapes.code.tex 2020/01/08 v3.1.5b (3.1.5b)
\pgfnodeparttextbox=\box55
)
(/usr/local/texlive/2020/texmf-dist/tex/generic/pgf/modules/pgfmoduleplot.code.
tex
File: pgfmoduleplot.code.tex 2020/01/08 v3.1.5b (3.1.5b)
)
(/usr/local/texlive/2020/texmf-dist/tex/latex/pgf/compatibility/pgfcomp-version
-0-65.sty
Package: pgfcomp-version-0-65 2020/01/08 v3.1.5b (3.1.5b)
\pgf@nodesepstart=\dimen262
\pgf@nodesepend=\dimen263
)
(/usr/local/texlive/2020/texmf-dist/tex/latex/pgf/compatibility/pgfcomp-version
-1-18.sty
Package: pgfcomp-version-1-18 2020/01/08 v3.1.5b (3.1.5b)
)) (/usr/local/texlive/2020/texmf-dist/tex/latex/tools/verbatim.sty
Package: verbatim 2019/11/10 v1.5r LaTeX2e package for verbatim enhancements
\every@verbatim=\toks34
\verbatim@line=\toks35
\verbatim@in@stream=\read3
)
(/usr/local/texlive/2020/texmf-dist/tex/latex/environ/environ.sty
Package: environ 2014/05/04 v0.3 A new way to define environments

(/usr/local/texlive/2020/texmf-dist/tex/latex/trimspaces/trimspaces.sty
Package: trimspaces 2009/09/17 v1.1 Trim spaces around a token list
))
(/usr/local/texlive/2020/texmf-dist/tex/latex/etoolbox/etoolbox.sty
Package: etoolbox 2019/09/21 v2.5h e-TeX tools for LaTeX (JAW)
\etb@tempcnta=\count278
)
\tcb@titlebox=\box56
\tcb@upperbox=\box57
\tcb@lowerbox=\box58
\tcb@phantombox=\box59
\c@tcbbreakpart=\count279
\c@tcblayer=\count280
\c@tcolorbox@number=\count281
\tcb@temp=\box60
\tcb@temp=\box61
\tcb@temp=\box62
\tcb@temp=\box63
\tcb@out=\write4
\tcb@record@out=\write5
)
(/usr/local/texlive/2020/texmf-dist/tex/latex/apacite/apacite.sty
Package: apacite 2013/07/21 v6.03 APA citation
\c@BibCnt=\count282
\bibleftmargin=\skip58
\bibindent=\skip59
\bibparsep=\skip60
\bibitemsep=\skip61
\biblabelsep=\skip62
)
(/usr/local/texlive/2020/texmf-dist/tex/latex/diagbox/diagbox.sty
Package: diagbox 2020/02/09 v2.3 Making table heads with diagonal lines

(/usr/local/texlive/2020/texmf-dist/tex/latex/pict2e/pict2e.sty
Package: pict2e 2019/08/20 v0.3c Improved picture commands (HjG,RN,JT)

(/usr/local/texlive/2020/texmf-dist/tex/latex/pict2e/pict2e.cfg
File: pict2e.cfg 2016/02/05 v0.1u pict2e configuration for teTeX/TeXLive
)
Package pict2e Info: Driver file: xetex.def on input line 119.
Package pict2e Info: Driver file for pict2e: p2e-xetex.def on input line 121.

(/usr/local/texlive/2020/texmf-dist/tex/latex/pict2e/p2e-xetex.def
File: p2e-xetex.def 2016/02/05 v0.1u Driver-dependant file (RN,HjG,JT)
)
\pIIe@GRAPH=\toks36
\@arclen=\dimen264
\@arcrad=\dimen265
\@tempdimd=\dimen266
)
(/usr/local/texlive/2020/texmf-dist/tex/latex/tools/calc.sty
Package: calc 2017/05/25 v4.3 Infix arithmetic (KKT,FJ)
\calc@Acount=\count283
\calc@Bcount=\count284
\calc@Adimen=\dimen267
\calc@Bdimen=\dimen268
\calc@Askip=\skip63
\calc@Bskip=\skip64
LaTeX Info: Redefining \setlength on input line 80.
LaTeX Info: Redefining \addtolength on input line 81.
\calc@Ccount=\count285
\calc@Cskip=\skip65
)
(/usr/local/texlive/2020/texmf-dist/tex/latex/tools/array.sty
Package: array 2019/08/31 v2.4l Tabular extension package (FMi)
\col@sep=\dimen269
\ar@mcellbox=\box64
\extrarowheight=\dimen270
\NC@list=\toks37
\extratabsurround=\skip66
\backup@length=\skip67
\ar@cellbox=\box65
)
\diagbox@boxa=\box66
\diagbox@boxb=\box67
\diagbox@boxm=\box68
\diagbox@wd=\dimen271
\diagbox@ht=\dimen272
\diagbox@insepl=\dimen273
\diagbox@insepr=\dimen274
\diagbox@outsepl=\dimen275
\diagbox@outsepr=\dimen276
)
(/usr/local/texlive/2020/texmf-dist/tex/latex/tools/longtable.sty
Package: longtable 2020/01/07 v4.13 Multi-page Table package (DPC)
\LTleft=\skip68
\LTright=\skip69
\LTpre=\skip70
\LTpost=\skip71
\LTchunksize=\count286
\LTcapwidth=\dimen277
\LT@head=\box69
\LT@firsthead=\box70
\LT@foot=\box71
\LT@lastfoot=\box72
\LT@cols=\count287
\LT@rows=\count288
\c@LT@tables=\count289
\c@LT@chunks=\count290
\LT@p@ftn=\toks38
)
(/usr/local/texlive/2020/texmf-dist/tex/latex/pdflscape/pdflscape.sty
Package: pdflscape 2019/12/05 v0.12 Display of landscape pages in PDF (HO)

(/usr/local/texlive/2020/texmf-dist/tex/latex/graphics/lscape.sty
Package: lscape 2000/10/22 v3.01 Landscape Pages (DPC)
)
Package pdflscape Info: Auto-detected driver: dvipdfm (xetex) on input line 98.


(/usr/local/texlive/2020/texmf-dist/tex/generic/atbegshi/atbegshi.sty
Package: atbegshi 2019/12/05 v1.19 At begin shipout hook (HO)

(/usr/local/texlive/2020/texmf-dist/tex/generic/infwarerr/infwarerr.sty
Package: infwarerr 2019/12/03 v1.5 Providing info/warning/error messages (HO)
)
(/usr/local/texlive/2020/texmf-dist/tex/generic/ltxcmds/ltxcmds.sty
Package: ltxcmds 2019/12/15 v1.24 LaTeX kernel commands for general use (HO)
)))
(/usr/local/texlive/2020/texmf-dist/tex/latex/graphics/rotating.sty
Package: rotating 2016/08/11 v2.16d rotated objects in LaTeX

(/usr/local/texlive/2020/texmf-dist/tex/latex/base/ifthen.sty
Package: ifthen 2014/09/29 v1.1c Standard LaTeX ifthen package (DPC)
)
\c@r@tfl@t=\count291
\rotFPtop=\skip72
\rotFPbot=\skip73
\rot@float@box=\box73
\rot@mess@toks=\toks39
)
(/usr/local/texlive/2020/texmf-dist/tex/latex/fancyhdr/fancyhdr.sty
Package: fancyhdr 2019/01/31 v3.10 Extensive control of page headers and footer
s
\f@nch@headwidth=\skip74
\f@nch@O@elh=\skip75
\f@nch@O@erh=\skip76
\f@nch@O@olh=\skip77
\f@nch@O@orh=\skip78
\f@nch@O@elf=\skip79
\f@nch@O@erf=\skip80
\f@nch@O@olf=\skip81
\f@nch@O@orf=\skip82
)

Package Fancyhdr Warning: \fancyhead's `E' option without twoside option is use
less on input line 24.


Package Fancyhdr Warning: \fancyfoot's `E' option without twoside option is use
less on input line 25.

\c@experiment=\count292
(/usr/local/texlive/2020/texmf-dist/tex/latex/fontspec/fontspec.sty
(/usr/local/texlive/2020/texmf-dist/tex/latex/l3packages/xparse/xparse.sty
(/usr/local/texlive/2020/texmf-dist/tex/latex/l3kernel/expl3.sty
Package: expl3 2020-05-15 L3 programming layer (loader) 

(/usr/local/texlive/2020/texmf-dist/tex/latex/l3backend/l3backend-xdvipdfmx.def
File: l3backend-xdvipdfmx.def 2020-05-05 L3 backend support: xdvipdfmx
\g__graphics_track_int=\count293
\l__pdf_internal_box=\box74
\g__pdf_backend_object_int=\count294
\g__pdf_backend_annotation_int=\count295
))
Package: xparse 2020-05-15 L3 Experimental document command parser

(/usr/local/texlive/2020/texmf-dist/tex/latex/l3packages/xparse/xparse-generic.
tex
\l__xparse_current_arg_int=\count296
\g__xparse_grabber_int=\count297
\l__xparse_m_args_int=\count298
\l__xparse_v_nesting_int=\count299
))
Package: fontspec 2020/02/21 v2.7i Font selection for XeLaTeX and LuaLaTeX
 (/usr/local/texlive/2020/texmf-dist/tex/latex/fontspec/fontspec-xetex.sty
Package: fontspec-xetex 2020/02/21 v2.7i Font selection for XeLaTeX and LuaLaTe
X
\l__fontspec_script_int=\count300
\l__fontspec_language_int=\count301
\l__fontspec_strnum_int=\count302
\l__fontspec_tmp_int=\count303
\l__fontspec_tmpa_int=\count304
\l__fontspec_tmpb_int=\count305
\l__fontspec_tmpc_int=\count306
\l__fontspec_em_int=\count307
\l__fontspec_emdef_int=\count308
\l__fontspec_strong_int=\count309
\l__fontspec_strongdef_int=\count310
\l__fontspec_tmpa_dim=\dimen278
\l__fontspec_tmpb_dim=\dimen279
\l__fontspec_tmpc_dim=\dimen280
(/usr/local/texlive/2020/texmf-dist/tex/latex/base/fontenc.sty
Package: fontenc 2020/02/11 v2.0o Standard LaTeX package
)
(/usr/local/texlive/2020/texmf-dist/tex/latex/fontspec/fontspec.cfg)))

Package fontspec Info: Font family 'TimesNewRoman(0)' created for font 'Times
(fontspec)             New Roman' with options [Ligatures=TeX].
(fontspec)              
(fontspec)              This font family consists of the following NFSS
(fontspec)             series/shapes:
(fontspec)              
(fontspec)             - 'normal' (m/n) with NFSS spec.: <->"Times New
(fontspec)             Roman/OT:script=latn;language=dflt;mapping=tex-text;"
(fontspec)             - 'small caps'  (m/sc) with NFSS spec.: 
(fontspec)             - 'bold' (b/n) with NFSS spec.: <->"Times New
(fontspec)             Roman/B/OT:script=latn;language=dflt;mapping=tex-text;"
(fontspec)             - 'bold small caps'  (b/sc) with NFSS spec.: 
(fontspec)             - 'italic' (m/it) with NFSS spec.: <->"Times New
(fontspec)             Roman/I/OT:script=latn;language=dflt;mapping=tex-text;"
(fontspec)             - 'italic small caps'  (m/scit) with NFSS spec.: 
(fontspec)             - 'bold italic' (b/it) with NFSS spec.: <->"Times New
(fontspec)             Roman/BI/OT:script=latn;language=dflt;mapping=tex-text;"

(fontspec)             - 'bold italic small caps'  (b/scit) with NFSS spec.: 


(./thesis.aux)
\openout1 = `thesis.aux'.

LaTeX Font Info:    Checking defaults for OML/cmm/m/it on input line 37.
LaTeX Font Info:    ... okay on input line 37.
LaTeX Font Info:    Checking defaults for OMS/cmsy/m/n on input line 37.
LaTeX Font Info:    ... okay on input line 37.
LaTeX Font Info:    Checking defaults for OT1/cmr/m/n on input line 37.
LaTeX Font Info:    ... okay on input line 37.
LaTeX Font Info:    Checking defaults for T1/cmr/m/n on input line 37.
LaTeX Font Info:    ... okay on input line 37.
LaTeX Font Info:    Checking defaults for TS1/cmr/m/n on input line 37.
LaTeX Font Info:    Trying to load font information for TS1+cmr on input line 3
7.
 (/usr/local/texlive/2020/texmf-dist/tex/latex/base/ts1cmr.fd
File: ts1cmr.fd 2019/12/16 v2.5j Standard LaTeX font definitions
)
LaTeX Font Info:    ... okay on input line 37.
LaTeX Font Info:    Checking defaults for TU/lmr/m/n on input line 37.
LaTeX Font Info:    ... okay on input line 37.
LaTeX Font Info:    Checking defaults for OMX/cmex/m/n on input line 37.
LaTeX Font Info:    ... okay on input line 37.
LaTeX Font Info:    Checking defaults for U/cmr/m/n on input line 37.
LaTeX Font Info:    ... okay on input line 37.

*geometry* driver: auto-detecting
*geometry* detected driver: xetex
*geometry* verbose mode - [ preamble ] result:
* driver: xetex
* paper: a4paper
* layout: <same size as paper>
* layoutoffset:(h,v)=(0.0pt,0.0pt)
* modes: 
* h-part:(L,W,R)=(71.13188pt, 455.24411pt, 71.13188pt)
* v-part:(T,H,B)=(71.13188pt, 702.78308pt, 71.13188pt)
* \paperwidth=597.50787pt
* \paperheight=845.04684pt
* \textwidth=455.24411pt
* \textheight=702.78308pt
* \oddsidemargin=-1.1381pt
* \evensidemargin=-1.1381pt
* \topmargin=-38.1381pt
* \headheight=12.0pt
* \headsep=25.0pt
* \topskip=12.0pt
* \footskip=30.0pt
* \marginparwidth=44.0pt
* \marginparsep=10.0pt
* \columnsep=10.0pt
* \skip\footins=10.8pt plus 4.0pt minus 2.0pt
* \hoffset=0.0pt
* \voffset=0.0pt
* \mag=1000
* \@twocolumnfalse
* \@twosidefalse
* \@mparswitchfalse
* \@reversemarginfalse
* (1in=72.27pt=25.4mm, 1cm=28.453pt)

ABD: EveryShipout initializing macros
\c@maskedRefs=\count311

(/usr/local/texlive/2020/texmf-dist/tex/latex/apacite/english.apc
File: english.apc 2013/07/21 v6.03 apacite language file
LaTeX Info: Redefining \BPBI on input line 129.
LaTeX Info: Redefining \BHBI on input line 130.
)
\AtBeginShipoutBox=\box75

(./titlepage.tex [1

] [1

] [2

]) [1

] (./thesis.toc
LaTeX Font Info:    Trying to load font information for OT1+ztmcm on input line
 4.

(/usr/local/texlive/2020/texmf-dist/tex/latex/psnfss/ot1ztmcm.fd
File: ot1ztmcm.fd 2000/01/03 Fontinst v1.801 font definitions for OT1/ztmcm.
)
LaTeX Font Info:    Trying to load font information for OML+ztmcm on input line
 4.

(/usr/local/texlive/2020/texmf-dist/tex/latex/psnfss/omlztmcm.fd
File: omlztmcm.fd 2000/01/03 Fontinst v1.801 font definitions for OML/ztmcm.
)
LaTeX Font Info:    Trying to load font information for OMS+ztmcm on input line
 4.

(/usr/local/texlive/2020/texmf-dist/tex/latex/psnfss/omsztmcm.fd
File: omsztmcm.fd 2000/01/03 Fontinst v1.801 font definitions for OMS/ztmcm.
)
LaTeX Font Info:    Trying to load font information for OMX+ztmcm on input line
 4.

(/usr/local/texlive/2020/texmf-dist/tex/latex/psnfss/omxztmcm.fd
File: omxztmcm.fd 2000/01/03 Fontinst v1.801 font definitions for OMX/ztmcm.
)
LaTeX Font Info:    Trying to load font information for OT1+ptm on input line 4
.

(/usr/local/texlive/2020/texmf-dist/tex/latex/psnfss/ot1ptm.fd
File: ot1ptm.fd 2001/06/04 font definitions for OT1/ptm.
)
LaTeX Font Info:    Font shape `OT1/ptm/bx/n' in size <12> not available
(Font)              Font shape `OT1/ptm/b/n' tried instead on input line 4.
LaTeX Font Info:    Font shape `OT1/ptm/bx/n' in size <9> not available
(Font)              Font shape `OT1/ptm/b/n' tried instead on input line 4.
LaTeX Font Info:    Font shape `OT1/ptm/bx/n' in size <7> not available
(Font)              Font shape `OT1/ptm/b/n' tried instead on input line 4.
 [2

])
\tf@toc=\write6
\openout6 = `thesis.toc'.



Package Fancyhdr Warning: \headheight is too small (12.0pt): 
Make it at least 14.49998pt.
We now make it that large for the rest of the document.
This may cause the page layout to be inconsistent, however.

[3] (./thesis.lof)
\tf@lof=\write7
\openout7 = `thesis.lof'.

 [4

] (./thesis.lot)
\tf@lot=\write8
\openout8 = `thesis.lot'.

 [5

]
(./introduction_and_literature_review.tex
Chapter 1.
[1

] [2] [3]
Chapter 2.
[4

] [5]) (./factor_strength.tex [6]
Chapter 3.

Overfull \hbox (9.51472pt too wide) in paragraph at lines 13--17
[]\TU/TimesNewRoman(0)/m/n/12 In the left-hand side, we have $\OML/ztmcm/m/it/1
2 x[]$ \TU/TimesNewRoman(0)/m/n/12 denotes the cross-section unit i at time t, 
where $\OML/ztmcm/m/it/12 i \OT1/ztmcm/m/n/12 = 1\OML/ztmcm/m/it/12 ; \OT1/ztmc
m/m/n/12 2\OML/ztmcm/m/it/12 ; \OT1/ztmcm/m/n/12 3\OML/ztmcm/m/it/12 ; []  ; n$

 []

[7

] [8] [9]

Package mathptmx Warning: There are no bold math fonts on input line 88.


Overfull \hbox (23.9848pt too wide) in paragraph at lines 98--102
\TU/TimesNewRoman(0)/m/n/12 and $[][] \OT1/ztmcm/m/n/12 = [][]$ \TU/TimesNewRom
an(0)/m/n/12 For the denominator’s $[]$, it was from $[] \OT1/ztmcm/m/n/12 = \O
ML/ztmcm/m/it/12 T[] [][] []$\TU/TimesNewRoman(0)/m/n/12 ,
 []

[10]) (./monte_carlo.tex [11]
Chapter 4.
[12

] [13] [14] [15]) (./empirical_application_factor_strength.tex [16]
Chapter 5.
LaTeX Font Info:    Font shape `OT1/ptm/bx/n' in size <10> not available
(Font)              Font shape `OT1/ptm/b/n' tried instead on input line 13.
LaTeX Font Info:    Font shape `OT1/ptm/bx/n' in size <7.4> not available
(Font)              Font shape `OT1/ptm/b/n' tried instead on input line 13.
LaTeX Font Info:    Font shape `OT1/ptm/bx/n' in size <6> not available
(Font)              Font shape `OT1/ptm/b/n' tried instead on input line 13.
[17

]
Overfull \hbox (35.83759pt too wide) in paragraph at lines 23--30
 [][] 
 []


Overfull \hbox (20.24458pt too wide) in paragraph at lines 31--31
[][]\TU/TimesNewRoman(0)/m/n/10 The risk free rate was from the Kenneth R. Fren
ch website: http://mba.tuck.dartmouth.edu/pages/faculty/ken.french/| 
 []

[18] [19] [20]
Overfull \hbox (15.03525pt too wide) in paragraph at lines 104--119
 [][] 
 []


LaTeX Warning: No positions in optional float specifier.
               Default added (so using `tbp') on input line 131.

[21] [22] [23]) (./elastic_net_application.tex [24]
Chapter 6.
[25

] [26] [27] [28] [29] [30] [31]
Overfull \hbox (29.74391pt too wide) in paragraph at lines 175--182
 [][] 
 []

) [32] (./conclusion.tex [33]
Chapter 7.

Overfull \hbox (0.83676pt too wide) in paragraph at lines 3--6
\TU/TimesNewRoman(0)/m/n/12 In this thesis, we propose the concept of factor st
rength and the corresponding estimation method.
 []

[34

] [35]) [36] (./thesis.bbl
Underfull \hbox (badness 10000) in paragraph at lines 218--235
[]\TU/TimesNewRoman(0)/m/n/12 Carhart, M. M.  (1997, 3).  On persistence in mut
ual fund perfor-
 []


Underfull \hbox (badness 10000) in paragraph at lines 218--235
\TU/TimesNewRoman(0)/m/n/12 mance.  \TU/TimesNewRoman(0)/m/it/12 The Journal of
 Finance\TU/TimesNewRoman(0)/m/n/12 , \TU/TimesNewRoman(0)/m/it/12 52\TU/TimesN
ewRoman(0)/m/n/12 , 57-82.  Retrieved from
 []


Underfull \hbox (badness 10000) in paragraph at lines 218--235
\TU/lmtt/m/n/12 http://doi.wiley.com/10.1111/j.1540-6261.1997.tb03808.x   \TU/T
imesNewRoman(0)/m/n/12 doi:
 []

[37

]
Underfull \hbox (badness 10000) in paragraph at lines 247--263
[]\TU/TimesNewRoman(0)/m/n/12 Cochrane, J. H.  (2011, 8).  Presidential address
: Discount rates.
 []


Underfull \hbox (badness 10000) in paragraph at lines 247--263
\TU/TimesNewRoman(0)/m/it/12 The Journal of Finance\TU/TimesNewRoman(0)/m/n/12 
, \TU/TimesNewRoman(0)/m/it/12 66\TU/TimesNewRoman(0)/m/n/12 , 1047-1108.  Retr
ieved from
 []


Underfull \hbox (badness 10000) in paragraph at lines 247--263
\TU/lmtt/m/n/12 http://doi.wiley.com/10.1111/j.1540-6261.2011.01671.x   \TU/Tim
esNewRoman(0)/m/n/12 doi:
 []


Underfull \hbox (badness 10000) in paragraph at lines 277--297
[]\TU/TimesNewRoman(0)/m/n/12 Dickey, D. A., & Fuller, W. A.  (1979, 6).  Distr
ibution of the esti-
 []


Underfull \hbox (badness 10000) in paragraph at lines 277--297
\TU/TimesNewRoman(0)/m/n/12 mators for autoregressive time series with a unit r
oot.  \TU/TimesNewRoman(0)/m/it/12 Journal of
 []


Underfull \hbox (badness 10000) in paragraph at lines 277--297
\TU/TimesNewRoman(0)/m/it/12 the American Statistical Association\TU/TimesNewRo
man(0)/m/n/12 , \TU/TimesNewRoman(0)/m/it/12 74\TU/TimesNewRoman(0)/m/n/12 , 42
7-431.  Retrieved from
 []


Underfull \hbox (badness 10000) in paragraph at lines 277--297
\TU/lmtt/m/n/12 https://www.tandfonline.com/doi/abs/10.1080/01621459.1979.10482
531
 []


Underfull \hbox (badness 10000) in paragraph at lines 311--329
[]\TU/TimesNewRoman(0)/m/n/12 Fama, E. F., & French, K. R.  (1992, 6).  The cro
ss-section of expected
 []


Underfull \hbox (badness 10000) in paragraph at lines 311--329
\TU/TimesNewRoman(0)/m/n/12 stock returns.  \TU/TimesNewRoman(0)/m/it/12 The Jo
urnal of Finance\TU/TimesNewRoman(0)/m/n/12 , \TU/TimesNewRoman(0)/m/it/12 47\T
U/TimesNewRoman(0)/m/n/12 , 427-465.  Retrieved from
 []


Underfull \hbox (badness 10000) in paragraph at lines 311--329
\TU/lmtt/m/n/12 http://doi.wiley.com/10.1111/j.1540-6261.1992.tb04398.x   \TU/T
imesNewRoman(0)/m/n/12 doi:
 []


Underfull \hbox (badness 7540) in paragraph at lines 455--474
[]\TU/TimesNewRoman(0)/m/n/12 Feng, G., Giglio, S., & Xiu, D.  (2020, 6).  Tami
ng the factor zoo: A
 []


Underfull \hbox (badness 4899) in paragraph at lines 455--474
\TU/TimesNewRoman(0)/m/n/12 test of new factors.  \TU/TimesNewRoman(0)/m/it/12 
The Journal of Finance\TU/TimesNewRoman(0)/m/n/12 , \TU/TimesNewRoman(0)/m/it/1
2 75\TU/TimesNewRoman(0)/m/n/12 , 1327-1370.  Retrieved
 []

[38]
Overfull \hbox (13.53589pt too wide) in paragraph at lines 519--540
\TU/lmtt/m/n/12 https://www.jstatsoft.org/index.php/jss/article/view/v033i01/v3
3i01.pdf
 []


Underfull \hbox (badness 6825) in paragraph at lines 519--540
\TU/lmtt/m/n/12 https://www.jstatsoft.org/index.php/jss/article/view/v033i01   
\TU/TimesNewRoman(0)/m/n/12 doi:
 []


Underfull \hbox (badness 10000) in paragraph at lines 554--574
[]\TU/TimesNewRoman(0)/m/n/12 Gospodinov, N., Kan, R., & Robotti, C.  (2014, 7)
.  Misspecification-
 []


Underfull \hbox (badness 10000) in paragraph at lines 554--574
\TU/TimesNewRoman(0)/m/n/12 robust inference in linear asset-pricing models wit
h irrelevant risk fac-
 []


Underfull \hbox (badness 10000) in paragraph at lines 554--574
\TU/TimesNewRoman(0)/m/n/12 tors.  \TU/TimesNewRoman(0)/m/it/12 Review of Finan
cial Studies\TU/TimesNewRoman(0)/m/n/12 , \TU/TimesNewRoman(0)/m/it/12 27\TU/Ti
mesNewRoman(0)/m/n/12 , 2139-2170.  Retrieved from
 []


Underfull \hbox (badness 10000) in paragraph at lines 554--574
\TU/lmtt/m/n/12 https://academic.oup.com/rfs/article/27/7/2139/1578148   \TU/Ti
mesNewRoman(0)/m/n/12 doi:
 []


Underfull \hbox (badness 3343) in paragraph at lines 617--634
[]\TU/TimesNewRoman(0)/m/n/12 Gu, S., Kelly, B., & Xiu, D.  (2020, 2).  Empiric
al asset pricing via machine
 []


Underfull \hbox (badness 2753) in paragraph at lines 617--634
\TU/TimesNewRoman(0)/m/n/12 learning.  \TU/TimesNewRoman(0)/m/it/12 The Review 
of Financial Studies\TU/TimesNewRoman(0)/m/n/12 , \TU/TimesNewRoman(0)/m/it/12 
33\TU/TimesNewRoman(0)/m/n/12 , 2223-2273.  Retrieved from
 []


Underfull \hbox (badness 1953) in paragraph at lines 704--721
[]\TU/TimesNewRoman(0)/m/n/12 Harvey, C. R., Liu, Y., & Zhu, H.  (2015, 10).  …
 and the cross-section of ex-
 []


Underfull \hbox (badness 2435) in paragraph at lines 704--721
\TU/TimesNewRoman(0)/m/n/12 pected returns.  \TU/TimesNewRoman(0)/m/it/12 The R
eview of Financial Studies\TU/TimesNewRoman(0)/m/n/12 , \TU/TimesNewRoman(0)/m/
it/12 29\TU/TimesNewRoman(0)/m/n/12 , 5-68.  Retrieved from
 []

[39]
Underfull \hbox (badness 7186) in paragraph at lines 794--812
[]\TU/TimesNewRoman(0)/m/n/12 Kan, R., & Zhang, C.  (1999, 2).  Two-pass tests 
of asset pricing models
 []


Underfull \hbox (badness 7362) in paragraph at lines 794--812
\TU/TimesNewRoman(0)/m/n/12 with useless factors.  \TU/TimesNewRoman(0)/m/it/12
 The Journal of Finance\TU/TimesNewRoman(0)/m/n/12 , \TU/TimesNewRoman(0)/m/it/
12 54\TU/TimesNewRoman(0)/m/n/12 , 203-235.  Retrieved
 []


Underfull \hbox (badness 1460) in paragraph at lines 794--812
\TU/TimesNewRoman(0)/m/n/12 from \TU/lmtt/m/n/12 http://doi.wiley.com/10.1111/0
022-1082.00102   \TU/TimesNewRoman(0)/m/n/12 doi: 10.1111/0022-
 []


Underfull \hbox (badness 10000) in paragraph at lines 1024--1042
[]\TU/TimesNewRoman(0)/m/n/12 Phillips, P. C., & Perron, P.  (1988, 6).  Testin
g for a unit root in
 []


Underfull \hbox (badness 10000) in paragraph at lines 1024--1042
\TU/TimesNewRoman(0)/m/n/12 time series regression.  \TU/TimesNewRoman(0)/m/it/
12 Biometrika\TU/TimesNewRoman(0)/m/n/12 , \TU/TimesNewRoman(0)/m/it/12 75\TU/T
imesNewRoman(0)/m/n/12 , 335-346.  Retrieved from
 []


Underfull \hbox (badness 10000) in paragraph at lines 1024--1042
\TU/lmtt/m/n/12 https://academic.oup.com/biomet/article/75/2/335/292919   \TU/T
imesNewRoman(0)/m/n/12 doi:
 []


Underfull \hbox (badness 1215) in paragraph at lines 1056--1073
[]\TU/TimesNewRoman(0)/m/n/12 Pukthuanthong, K., Roll, R., & Subrahmanyam, A.  
(2019, 8).  A protocol for fac-
 []

[40]
Underfull \hbox (badness 4940) in paragraph at lines 1118--1136
[]\TU/TimesNewRoman(0)/m/n/12 Sharpe, W. F.  (1964, 9).  Capital asset prices: 
A theory of market equilib-
 []


Underfull \hbox (badness 2781) in paragraph at lines 1118--1136
\TU/TimesNewRoman(0)/m/n/12 rium under conditions of risk.  \TU/TimesNewRoman(0
)/m/it/12 The Journal of Finance\TU/TimesNewRoman(0)/m/n/12 , \TU/TimesNewRoman
(0)/m/it/12 19\TU/TimesNewRoman(0)/m/n/12 , 425-442.  Re-
 []


Underfull \hbox (badness 10000) in paragraph at lines 1151--1173
[]\TU/TimesNewRoman(0)/m/n/12 Simon, N., Friedman, J., Hastie, T., & Tibshirani
, R.  (2011, 3).  Regu-
 []


Underfull \hbox (badness 10000) in paragraph at lines 1151--1173
\TU/TimesNewRoman(0)/m/n/12 larization paths for cox’s proportional hazards mod
el via coordinate de-
 []


Underfull \hbox (badness 10000) in paragraph at lines 1151--1173
\TU/TimesNewRoman(0)/m/n/12 scent.  \TU/TimesNewRoman(0)/m/it/12 Journal of Sta
tistical Software\TU/TimesNewRoman(0)/m/n/12 , \TU/TimesNewRoman(0)/m/it/12 39\
TU/TimesNewRoman(0)/m/n/12 , 1-13.  Retrieved from
 []


Overfull \hbox (13.5119pt too wide) in paragraph at lines 1151--1173
\TU/lmtt/m/n/12 https://www.jstatsoft.org/index.php/jss/article/view/v039i05/v3
9i05.pdf
 []


Underfull \hbox (badness 6825) in paragraph at lines 1151--1173
\TU/lmtt/m/n/12 https://www.jstatsoft.org/index.php/jss/article/view/v039i05   
\TU/TimesNewRoman(0)/m/n/12 doi:
 []


Underfull \hbox (badness 1348) in paragraph at lines 1185--1203
[]\TU/TimesNewRoman(0)/m/n/12 Tibshirani, R.  (1996, 1).  Regression shrinkage 
and selection via the lasso.  \TU/TimesNewRoman(0)/m/it/12 Jour-
 []

) [41] (./appendix.tex
Appendix A.

LaTeX Warning: No positions in optional float specifier.
               Default added (so using `tbp') on input line 126.


LaTeX Warning: No positions in optional float specifier.
               Default added (so using `tbp') on input line 177.

) (./comparison_table.tex [42

] [43] [44] [45] [46]
Appendix B.
[47


] [48] [49] [50] [51] [52] [53

] [54]
Underfull \hbox (badness 10000) in paragraph at lines 1467--1474

 []

[55]
File: ./plot/strength_comparison_I.png Graphic file (type bmp)
<./plot/strength_comparison_I.png>


LaTeX Warning: Float too large for page by 62.13849pt on input line 1486.

[56]
File: ./plot/strength_comparison_II.png Graphic file (type bmp)
<./plot/strength_comparison_II.png>


LaTeX Warning: Float too large for page by 9.99287pt on input line 1495.

[57]
File: ./plot/strength_comparison_III.png Graphic file (type bmp)
<./plot/strength_comparison_III.png>


LaTeX Warning: Float too large for page by 9.99287pt on input line 1502.

[58]
File: ./plot/strength_comparison_IV.png Graphic file (type bmp)
<./plot/strength_comparison_IV.png>


LaTeX Warning: Float too large for page by 9.99287pt on input line 1509.

[59]
File: ./plot/strength_comparison_V.png Graphic file (type bmp)
<./plot/strength_comparison_V.png>


LaTeX Warning: Float too large for page by 9.99287pt on input line 1516.

[60]
File: ./plot/strength_comparison_IV.png Graphic file (type bmp)
<./plot/strength_comparison_IV.png>


LaTeX Warning: Float too large for page by 63.59442pt on input line 1526.

[61]
File: ./plot/thirty_decompose_I.png Graphic file (type bmp)
<./plot/thirty_decompose_I.png>


LaTeX Warning: Float too large for page by 31.91473pt on input line 1535.

[62]
File: ./plot/thirty_decompose_II.png Graphic file (type bmp)
<./plot/thirty_decompose_II.png>


LaTeX Warning: Float too large for page by 9.99287pt on input line 1543.

[63]
File: ./plot/thirty_decompose_III.png Graphic file (type bmp)
<./plot/thirty_decompose_III.png>


LaTeX Warning: Float too large for page by 9.99287pt on input line 1550.

[64]
File: ./plot/thirty_decompose_IV.png Graphic file (type bmp)
<./plot/thirty_decompose_IV.png>


LaTeX Warning: Float too large for page by 9.99287pt on input line 1557.

[65]
File: ./plot/thirty_decompose_V.png Graphic file (type bmp)
<./plot/thirty_decompose_V.png>


LaTeX Warning: Float too large for page by 9.99287pt on input line 1564.

[66]
File: ./plot/thirty_decompose_VI.png Graphic file (type bmp)
<./plot/thirty_decompose_VI.png>


LaTeX Warning: Float too large for page by 63.59442pt on input line 1574.

[67]
File: ./plot/correlation_heat_map.png Graphic file (type bmp)
<./plot/correlation_heat_map.png>
) [68] (./thesis.aux) ) 
Here is how much of TeX's memory you used:
 17408 strings out of 479282
 374429 string characters out of 5880512
 716683 words of memory out of 5000000
 34677 multiletter control sequences out of 15000+600000
 551270 words of font info for 100 fonts, out of 8000000 for 9000
 1348 hyphenation exceptions out of 8191
 59i,16n,75p,829b,437s stack positions out of 5000i,500n,10000p,200000b,80000s

Output written on thesis.pdf (76 pages).
